make --dry-run --always-make --keep-going --print-directory
make: Entering directory '/home/tairan/42/libft'
clang -Wall -Wextra -Werror -I . -c ft_atoi.c -o ft_atoi.o
clang -Wall -Wextra -Werror -I . -c ft_bzero.c -o ft_bzero.o
clang -Wall -Wextra -Werror -I . -c ft_calloc.c -o ft_calloc.o
clang -Wall -Wextra -Werror -I . -c ft_isalnum.c -o ft_isalnum.o
clang -Wall -Wextra -Werror -I . -c ft_isalpha.c -o ft_isalpha.o
clang -Wall -Wextra -Werror -I . -c ft_isascii.c -o ft_isascii.o
clang -Wall -Wextra -Werror -I . -c ft_isdigit.c -o ft_isdigit.o
clang -Wall -Wextra -Werror -I . -c ft_memchr.c -o ft_memchr.o
clang -Wall -Wextra -Werror -I . -c ft_memcpy.c -o ft_memcpy.o
clang -Wall -Wextra -Werror -I . -c ft_memmove.c -o ft_memmove.o
clang -Wall -Wextra -Werror -I . -c ft_memset.c -o ft_memset.o
clang -Wall -Wextra -Werror -I . -c ft_strchr.c -o ft_strchr.o
clang -Wall -Wextra -Werror -I . -c ft_strdup.c -o ft_strdup.o
clang -Wall -Wextra -Werror -I . -c ft_strlcat.c -o ft_strlcat.o
clang -Wall -Wextra -Werror -I . -c ft_strlcpy.c -o ft_strlcpy.o
clang -Wall -Wextra -Werror -I . -c ft_strlen.c -o ft_strlen.o
clang -Wall -Wextra -Werror -I . -c ft_strncmp.c -o ft_strncmp.o
clang -Wall -Wextra -Werror -I . -c ft_strnstr.c -o ft_strnstr.o
clang -Wall -Wextra -Werror -I . -c ft_strrchr.c -o ft_strrchr.o
clang -Wall -Wextra -Werror -I . -c ft_tolower.c -o ft_tolower.o
ar rcs libft.a ft_atoi.o ft_bzero.o ft_calloc.o ft_isalnum.o ft_isalpha.o ft_isascii.o ft_isdigit.o ft_memchr.o ft_memcpy.o ft_memmove.o ft_memset.o ft_strchr.o ft_strdup.o ft_strlcat.o ft_strlcpy.o ft_strlen.o ft_strncmp.o ft_strnstr.o ft_strrchr.o ft_tolower.o
make: Leaving directory '/home/tairan/42/libft'
 
